{
  "stats": {
    "suites": 6,
    "tests": 12,
    "passes": 9,
    "pending": 3,
    "failures": 0,
    "start": "2019-01-28T01:41:22.441Z",
    "end": "2019-01-28T01:41:23.939Z",
    "duration": 1498,
    "testsRegistered": 12,
    "passPercent": 100,
    "pendingPercent": 25,
    "other": 0,
    "hasOther": false,
    "skipped": 0,
    "hasSkipped": false,
    "passPercentClass": "success",
    "pendingPercentClass": "danger"
  },
  "suites": {
    "uuid": "f2fdea2e-2258-424e-9cfe-b54a61c81513",
    "title": "",
    "fullFile": "",
    "file": "",
    "beforeHooks": [],
    "afterHooks": [],
    "tests": [],
    "suites": [
      {
        "uuid": "4c5b6257-ac55-46a7-a66d-fa58e0b888cc",
        "title": "GET /api/courses/:type/:target",
        "fullFile": "/home/iftnt/Project/coursElf/test/apiSpec.js",
        "file": "/test/apiSpec.js",
        "beforeHooks": [],
        "afterHooks": [],
        "tests": [
          {
            "title": "respond with json",
            "fullTitle": "GET /api/courses/:type/:target respond with json",
            "timedOut": false,
            "duration": 1365,
            "state": "passed",
            "speed": "slow",
            "pass": true,
            "fail": false,
            "pending": false,
            "code": "request\n  .get(\"/api/courses/all/all\")\n  .set(\"Accept\", \"application/json\")\n  .end(function(err, res) {\n    if (err) return err; //server error\n    if (res.statusCode !== 200) return res.body; //api error;\n    result = res.body;\n    done();\n  });",
            "err": {},
            "isRoot": false,
            "uuid": "8348a5e8-d822-48c5-a058-01f36a3b6b92",
            "isHook": false,
            "skipped": false
          },
          {
            "title": "Response should be an array",
            "fullTitle": "GET /api/courses/:type/:target Response should be an array",
            "timedOut": false,
            "duration": 1,
            "state": "passed",
            "speed": "fast",
            "pass": true,
            "fail": false,
            "pending": false,
            "code": "result.should.be.Array();",
            "err": {},
            "isRoot": false,
            "uuid": "1d20120d-b88a-4979-8ad2-be2d3c7c50b1",
            "isHook": false,
            "skipped": false
          },
          {
            "title": "Each element should be an object with sepcific keys",
            "fullTitle": "GET /api/courses/:type/:target Each element should be an object with sepcific keys",
            "timedOut": false,
            "duration": 0,
            "state": "passed",
            "speed": "fast",
            "pass": true,
            "fail": false,
            "pending": false,
            "code": "result.forEach(e => {\n  e.should.be.Object();\n  e.should.have.keys(\n    \"dept\",\n    \"id\",\n    \"target\",\n    \"name\",\n    \"point\",\n    \"compulsory\",\n    \"teacher\",\n    \"location\",\n    \"time\"\n  );\n  e.compulsory.should.be.Boolean();\n  e.time.should.be.Array();\n});",
            "err": {},
            "isRoot": false,
            "uuid": "6236382c-15b0-47a4-bc43-135d528ac05a",
            "isHook": false,
            "skipped": false
          }
        ],
        "suites": [],
        "passes": [
          "8348a5e8-d822-48c5-a058-01f36a3b6b92",
          "1d20120d-b88a-4979-8ad2-be2d3c7c50b1",
          "6236382c-15b0-47a4-bc43-135d528ac05a"
        ],
        "failures": [],
        "pending": [],
        "skipped": [],
        "duration": 1366,
        "root": false,
        "rootEmpty": false,
        "_timeout": 2000
      },
      {
        "uuid": "1c88c58c-022d-4b5e-8138-5eab4ea0beb0",
        "title": "GET /api/target/:type",
        "fullFile": "/home/iftnt/Project/coursElf/test/apiSpec.js",
        "file": "/test/apiSpec.js",
        "beforeHooks": [],
        "afterHooks": [],
        "tests": [
          {
            "title": "respond with json",
            "fullTitle": "GET /api/target/:type respond with json",
            "timedOut": false,
            "duration": 5,
            "state": "passed",
            "speed": "fast",
            "pass": true,
            "fail": false,
            "pending": false,
            "code": "request\n  .get(\"/api/target/cs/\")\n  .set(\"Accept\", \"application/json\")\n  .end(function(err, res) {\n    if (err) return err; //server error\n    if (res.statusCode !== 200) return res.body; //api error;\n    result = res.body;\n    done();\n  });",
            "err": {},
            "isRoot": false,
            "uuid": "15f10062-a417-4679-81cd-df6afb4d50f0",
            "isHook": false,
            "skipped": false
          },
          {
            "title": "Response should be an object",
            "fullTitle": "GET /api/target/:type Response should be an object",
            "timedOut": false,
            "duration": 1,
            "state": "passed",
            "speed": "fast",
            "pass": true,
            "fail": false,
            "pending": false,
            "code": "result.should.be.Object();\nresult.should.has.keys(\"1\", \"2\", \"3\", \"4\");",
            "err": {},
            "isRoot": false,
            "uuid": "dd5bc70d-5ec5-4747-a252-b15bf513fc68",
            "isHook": false,
            "skipped": false
          }
        ],
        "suites": [],
        "passes": [
          "15f10062-a417-4679-81cd-df6afb4d50f0",
          "dd5bc70d-5ec5-4747-a252-b15bf513fc68"
        ],
        "failures": [],
        "pending": [],
        "skipped": [],
        "duration": 6,
        "root": false,
        "rootEmpty": false,
        "_timeout": 2000
      },
      {
        "uuid": "ffe8307b-257c-4419-97c1-226cc4977d5b",
        "title": "POST /user/login",
        "fullFile": "/home/iftnt/Project/coursElf/test/userSpec.js",
        "file": "/test/userSpec.js",
        "beforeHooks": [],
        "afterHooks": [],
        "tests": [],
        "suites": [
          {
            "uuid": "145beafe-ef31-4970-a5bd-9929047f15f6",
            "title": "Correct StuID and password",
            "fullFile": "/home/iftnt/Project/coursElf/test/userSpec.js",
            "file": "/test/userSpec.js",
            "beforeHooks": [],
            "afterHooks": [],
            "tests": [
              {
                "title": "Set session",
                "fullTitle": "POST /user/login Correct StuID and password Set session",
                "timedOut": false,
                "duration": 0,
                "pass": false,
                "fail": false,
                "pending": true,
                "code": "",
                "err": {},
                "isRoot": false,
                "uuid": "c9328cbd-65d4-4b95-b84a-0cffd6e7e2b5",
                "isHook": false,
                "skipped": false
              },
              {
                "title": "Start crawler to elearning",
                "fullTitle": "POST /user/login Correct StuID and password Start crawler to elearning",
                "timedOut": false,
                "duration": 0,
                "pass": false,
                "fail": false,
                "pending": true,
                "code": "",
                "err": {},
                "isRoot": false,
                "uuid": "ea4092cb-b318-40f2-8288-9dec706af547",
                "isHook": false,
                "skipped": false
              },
              {
                "title": "Redirect to homepage",
                "fullTitle": "POST /user/login Correct StuID and password Redirect to homepage",
                "timedOut": false,
                "duration": 0,
                "pass": false,
                "fail": false,
                "pending": true,
                "code": "",
                "err": {},
                "isRoot": false,
                "uuid": "bd669765-c049-4ec7-aac1-20cbc1c39373",
                "isHook": false,
                "skipped": false
              }
            ],
            "suites": [],
            "passes": [],
            "failures": [],
            "pending": [
              "c9328cbd-65d4-4b95-b84a-0cffd6e7e2b5",
              "ea4092cb-b318-40f2-8288-9dec706af547",
              "bd669765-c049-4ec7-aac1-20cbc1c39373"
            ],
            "skipped": [],
            "duration": null,
            "root": false,
            "rootEmpty": false,
            "_timeout": 2000
          },
          {
            "uuid": "243260e1-d1a5-4c4f-9b9c-f2d082ba7d12",
            "title": "Incorrect StuID or password",
            "fullFile": "/home/iftnt/Project/coursElf/test/userSpec.js",
            "file": "/test/userSpec.js",
            "beforeHooks": [],
            "afterHooks": [],
            "tests": [
              {
                "title": "respond with json",
                "fullTitle": "POST /user/login Incorrect StuID or password respond with json",
                "timedOut": false,
                "duration": 106,
                "state": "passed",
                "speed": "slow",
                "pass": true,
                "fail": false,
                "pending": false,
                "code": "request\n  .post(\"/users/login\")\n  .send({ sid: \"123\", pw: \"123\" })\n  .set(\"Accept\", \"application/json\")\n  .end(function(err, res) {\n    if (err) return err; //server error\n    if (res.statusCode !== 200) return res.body; //api error;\n    result = res.body;\n    done();\n  });",
                "err": {},
                "isRoot": false,
                "uuid": "295d26d2-2892-4088-9b37-381ec4a0cdc2",
                "isHook": false,
                "skipped": false
              },
              {
                "title": "Return error message",
                "fullTitle": "POST /user/login Incorrect StuID or password Return error message",
                "timedOut": false,
                "duration": 1,
                "state": "passed",
                "speed": "fast",
                "pass": true,
                "fail": false,
                "pending": false,
                "code": "result.should.be.Object();\nresult.should.has.key(\"status\", \"msg\");\nresult.status.should.not.equal(\"ok\");",
                "err": {},
                "isRoot": false,
                "uuid": "e8373793-a04a-40c7-b510-cd77008985ed",
                "isHook": false,
                "skipped": false
              }
            ],
            "suites": [],
            "passes": [
              "295d26d2-2892-4088-9b37-381ec4a0cdc2",
              "e8373793-a04a-40c7-b510-cd77008985ed"
            ],
            "failures": [],
            "pending": [],
            "skipped": [],
            "duration": 107,
            "root": false,
            "rootEmpty": false,
            "_timeout": 2000
          },
          {
            "uuid": "327d4a5d-6372-4b7f-98c6-e37937024ffc",
            "title": "Blank StuID or password",
            "fullFile": "/home/iftnt/Project/coursElf/test/userSpec.js",
            "file": "/test/userSpec.js",
            "beforeHooks": [],
            "afterHooks": [],
            "tests": [
              {
                "title": "respond with json",
                "fullTitle": "POST /user/login Blank StuID or password respond with json",
                "timedOut": false,
                "duration": 9,
                "state": "passed",
                "speed": "fast",
                "pass": true,
                "fail": false,
                "pending": false,
                "code": "request\n  .post(\"/users/login\")\n  .send({ sid: \"\", pw: \"\" })\n  .set(\"Accept\", \"application/json\")\n  .end(function(err, res) {\n    if (err) return err; //server error\n    if (res.statusCode !== 200) return res.body; //api error;\n    result = res.body;\n    done();\n  });",
                "err": {},
                "isRoot": false,
                "uuid": "978a9f6c-a1b8-4e6c-9390-8db65b043de9",
                "isHook": false,
                "skipped": false
              },
              {
                "title": "Return error message",
                "fullTitle": "POST /user/login Blank StuID or password Return error message",
                "timedOut": false,
                "duration": 1,
                "state": "passed",
                "speed": "fast",
                "pass": true,
                "fail": false,
                "pending": false,
                "code": "result.should.be.Object();\nresult.should.has.key(\"status\", \"msg\");\nresult.status.should.not.equal(\"ok\");",
                "err": {},
                "isRoot": false,
                "uuid": "9620fb5f-5083-49c7-af6b-19ae8cb4c92f",
                "isHook": false,
                "skipped": false
              }
            ],
            "suites": [],
            "passes": [
              "978a9f6c-a1b8-4e6c-9390-8db65b043de9",
              "9620fb5f-5083-49c7-af6b-19ae8cb4c92f"
            ],
            "failures": [],
            "pending": [],
            "skipped": [],
            "duration": 10,
            "root": false,
            "rootEmpty": false,
            "_timeout": 2000
          }
        ],
        "passes": [],
        "failures": [],
        "pending": [],
        "skipped": [],
        "duration": 0,
        "root": false,
        "rootEmpty": false,
        "_timeout": 2000
      }
    ],
    "passes": [],
    "failures": [],
    "pending": [],
    "skipped": [],
    "duration": 0,
    "root": true,
    "rootEmpty": true,
    "_timeout": 2000
  },
  "copyrightYear": 2019
}